\BOOKMARK [1][-]{section.1}{Preface}{}% 1
\BOOKMARK [1][-]{section.2}{Introduction}{}% 2
\BOOKMARK [1][-]{section.3}{The Model}{}% 3
\BOOKMARK [2][-]{subsection.3.1}{Physical model}{section.3}% 4
\BOOKMARK [3][-]{subsubsection.3.1.1}{Helmholtz equation}{subsection.3.1}% 5
\BOOKMARK [3][-]{subsubsection.3.1.2}{The Green's function}{subsection.3.1}% 6
\BOOKMARK [3][-]{subsubsection.3.1.3}{The Contrast function}{subsection.3.1}% 7
\BOOKMARK [2][-]{subsection.3.2}{Finite Difference Approach}{section.3}% 8
\BOOKMARK [3][-]{subsubsection.3.2.1}{First Order ABC}{subsection.3.2}% 9
\BOOKMARK [3][-]{subsubsection.3.2.2}{Discretization}{subsection.3.2}% 10
\BOOKMARK [3][-]{subsubsection.3.2.3}{Perfectly Matched Layers}{subsection.3.2}% 11
\BOOKMARK [3][-]{subsubsection.3.2.4}{Discretization}{subsection.3.2}% 12
\BOOKMARK [3][-]{subsubsection.3.2.5}{Source Implementation}{subsection.3.2}% 13
\BOOKMARK [2][-]{subsection.3.3}{Solver and Noise}{section.3}% 14
\BOOKMARK [3][-]{subsubsection.3.3.1}{The Conjugate Gradient \(CG\) Scheme}{subsection.3.3}% 15
\BOOKMARK [3][-]{subsubsection.3.3.2}{Multiplicative Regularisation}{subsection.3.3}% 16
\BOOKMARK [1][-]{section.4}{Conclusions}{}% 17
\BOOKMARK [1][-]{appendix.A}{Appendices}{}% 18
\BOOKMARK [2][-]{subsection.A.1}{Derivation of the functional derivative of the error functional}{appendix.A}% 19
\BOOKMARK [2][-]{subsection.A.2}{Prefactors of the Total Cost Equation}{appendix.A}% 20
\BOOKMARK [1][-]{appendix.B}{Absorbing Boundary Conditions}{}% 21
\BOOKMARK [2][-]{subsection.B.1}{Second Order ABC}{appendix.B}% 22
\BOOKMARK [3][-]{subsubsection.B.1.1}{Discretization}{subsection.B.1}% 23
